[Fri, 23 Mar 2012 02:41:00 GMT] INFO Server starting with config: {
  "environment": "development",
  "workers": 1,
  "port": 4000,
  "debug": true,
  "rotateWorkers": false,
  "rotationWindow": 7200000,
  "rotationTimeout": 300000,
  "logDir": "/home/heath/Devel/comercio/geddy/uraqi/log",
  "gracefulShutdownTimeout": 30000,
  "heartbeatInterval": 5000,
  "heartbeatWindow": 20000,
  "staticFilePath": "/home/heath/Devel/comercio/geddy/uraqi/public",
  "sessions": {
    "store": "memory",
    "key": "sid",
    "expiry": 1209600
  },
  "cookieSessionKey": "sdata",
  "metrics": null,
  "i18n": {
    "defaultLocale": "en-us",
    "loadPaths": [
      "/home/heath/Devel/comercio/geddy/uraqi/config/locales"
    ]
  },
  "ssl": null,
  "detailedErrors": true,
  "hostname": null
}
[Fri, 23 Mar 2012 02:41:00 GMT] INFO Creating 1 worker process.
[Fri, 23 Mar 2012 02:41:00 GMT] INFO Server worker running in development on port 4000 with a PID of: 8601
[Fri, 23 Mar 2012 02:41:00 GMT] DEBUG LOGGING STARTED ============================================
[Fri, 23 Mar 2012 02:41:00 GMT] DEBUG ============================================================
